Enter line 1: Enter line 2: Enter line 3: Enter line 4: Enter line 5: Enter line 6: Enter line 7: Enter line 8: Enter line 9: 

Input puzzle:

000000000
000000000
000000000
000000000
000000000
000000000
000000000
000000000
000000000

Solved by brute force with backtracking.
Single candidates found: 0
Failed attempts: 2804
Backtracks: 310

Solution:

123 | 456 | 789
456 | 789 | 123
789 | 123 | 456
---------------
214 | 365 | 897
365 | 897 | 214
897 | 214 | 365
---------------
531 | 642 | 978
642 | 978 | 531
978 | 531 | 642
